\BOOKMARK [1][-]{figure.caption.1}{Declaration}{}% 1
\BOOKMARK [1][-]{section*.4}{Abstract}{}% 2
\BOOKMARK [1][-]{chapter*.5}{List of figures}{}% 3
\BOOKMARK [1][-]{chapter*.6}{List of tables}{}% 4
\BOOKMARK [1][-]{section*.7}{Acknowledgements}{}% 5
\BOOKMARK [0][-]{chapter.1}{Introduction}{}% 6
\BOOKMARK [1][-]{section.1.1}{History of the Universe}{chapter.1}% 7
\BOOKMARK [1][-]{section.1.2}{21 cm Spectral Line Generation and Experiments}{chapter.1}% 8
\BOOKMARK [1][-]{section.1.3}{Long Wavelength Astronomy}{chapter.1}% 9
\BOOKMARK [2][-]{subsection.1.3.1}{Background/History of Long Wavelength Astronomy}{section.1.3}% 10
\BOOKMARK [2][-]{subsection.1.3.2}{Modern/Current Long Wavelength Astronomy/Experiments}{section.1.3}% 11
\BOOKMARK [0][-]{chapter.2}{ALBATROS - EGG Instrumentation}{}% 12
\BOOKMARK [1][-]{section.2.1}{ALBATROS - EGG Overview}{chapter.2}% 13
\BOOKMARK [1][-]{section.2.2}{System Signal Chain}{chapter.2}% 14
\BOOKMARK [2][-]{subsection.2.2.1}{Antenna}{section.2.2}% 15
\BOOKMARK [2][-]{subsection.2.2.2}{Front End Electronics \(FEE\)}{section.2.2}% 16
\BOOKMARK [2][-]{subsection.2.2.3}{Back End Electronics}{section.2.2}% 17
\BOOKMARK [2][-]{subsection.2.2.4}{Solar Power Supply System}{section.2.2}% 18
\BOOKMARK [0][-]{chapter.3}{Measurements and Results}{}% 19
\BOOKMARK [1][-]{section.3.1}{Solar Power Supply System}{chapter.3}% 20
\BOOKMARK [2][-]{subsection.3.1.1}{Discussion}{section.3.1}% 21
\BOOKMARK [2][-]{subsection.3.1.2}{Measurements and Results}{section.3.1}% 22
\BOOKMARK [1][-]{section.3.2}{Solar Regulator Radio Frequency Interference \(RFI\)}{chapter.3}% 23
\BOOKMARK [2][-]{subsection.3.2.1}{Discussion}{section.3.2}% 24
\BOOKMARK [2][-]{subsection.3.2.2}{Measurements and Results}{section.3.2}% 25
\BOOKMARK [2][-]{subsection.3.2.3}{Antenna Inside the Box}{section.3.2}% 26
\BOOKMARK [2][-]{subsection.3.2.4}{Antenna Outside the Box}{section.3.2}% 27
\BOOKMARK [1][-]{section.3.3}{System Levels}{chapter.3}% 28
\BOOKMARK [0][-]{chapter.4}{Conclusion and Recommendations}{}% 29
\BOOKMARK [1][-]{chapter*.44}{References}{chapter.4}% 30
